CRITICAL - 2024-02-28 11:45:30 --> Undefined variable $data
in APPPATH\Views\front\includes\header.php on line 12.
 1 APPPATH\Views\front\includes\header.php(12): CodeIgniter\Debug\Exceptions->errorHandler(2, 'Undefined variable $data', 'C:\\xampp\\htdocs\\ace\\app\\Views\\front\\includes\\header.php', 12)
 2 SYSTEMPATH\View\View.php(213): include('C:\\xampp\\htdocs\\ace\\app\\Views\\front\\includes\\header.php')
 3 SYSTEMPATH\View\View.php(216): CodeIgniter\View\View->CodeIgniter\View\{closure}()
 4 SYSTEMPATH\Common.php(1184): CodeIgniter\View\View->render('front/includes/header.php', [], true)
 5 APPPATH\Views\front\index.php(12): view('front/includes/header.php')
 6 SYSTEMPATH\View\View.php(213): include('C:\\xampp\\htdocs\\ace\\app\\Views\\front\\index.php')
 7 SYSTEMPATH\View\View.php(216): CodeIgniter\View\View->CodeIgniter\View\{closure}()
 8 SYSTEMPATH\Common.php(1184): CodeIgniter\View\View->render('front/index', [], true)
 9 APPPATH\Controllers\Front\BlogController.php(24): view('front/index', [...])
10 SYSTEMPATH\CodeIgniter.php(934): App\Controllers\Front\BlogController->index()
11 SYSTEMPATH\CodeIgniter.php(499): CodeIgniter\CodeIgniter->runController(Object(App\Controllers\Front\BlogController))
12 SYSTEMPATH\CodeIgniter.php(368): CodeIgniter\CodeIgniter->handleRequest(null, Object(Config\Cache), false)
13 FCPATH\index.php(67): CodeIgniter\CodeIgniter->run()
CRITICAL - 2024-02-28 11:46:49 --> Undefined variable $data
in APPPATH\Views\front\includes\header.php on line 12.
 1 APPPATH\Views\front\includes\header.php(12): CodeIgniter\Debug\Exceptions->errorHandler(2, 'Undefined variable $data', 'C:\\xampp\\htdocs\\ace\\app\\Views\\front\\includes\\header.php', 12)
 2 SYSTEMPATH\View\View.php(213): include('C:\\xampp\\htdocs\\ace\\app\\Views\\front\\includes\\header.php')
 3 SYSTEMPATH\View\View.php(216): CodeIgniter\View\View->CodeIgniter\View\{closure}()
 4 SYSTEMPATH\Common.php(1184): CodeIgniter\View\View->render('front/includes/header.php', [], true)
 5 APPPATH\Views\front\index.php(12): view('front/includes/header.php')
 6 SYSTEMPATH\View\View.php(213): include('C:\\xampp\\htdocs\\ace\\app\\Views\\front\\index.php')
 7 SYSTEMPATH\View\View.php(216): CodeIgniter\View\View->CodeIgniter\View\{closure}()
 8 SYSTEMPATH\Common.php(1184): CodeIgniter\View\View->render('front/index', [], true)
 9 APPPATH\Controllers\Front\BlogController.php(24): view('front/index', [...])
10 SYSTEMPATH\CodeIgniter.php(934): App\Controllers\Front\BlogController->index()
11 SYSTEMPATH\CodeIgniter.php(499): CodeIgniter\CodeIgniter->runController(Object(App\Controllers\Front\BlogController))
12 SYSTEMPATH\CodeIgniter.php(368): CodeIgniter\CodeIgniter->handleRequest(null, Object(Config\Cache), false)
13 FCPATH\index.php(67): CodeIgniter\CodeIgniter->run()
CRITICAL - 2024-02-28 11:46:54 --> Undefined variable $data
in APPPATH\Views\front\includes\header.php on line 12.
 1 APPPATH\Views\front\includes\header.php(12): CodeIgniter\Debug\Exceptions->errorHandler(2, 'Undefined variable $data', 'C:\\xampp\\htdocs\\ace\\app\\Views\\front\\includes\\header.php', 12)
 2 SYSTEMPATH\View\View.php(213): include('C:\\xampp\\htdocs\\ace\\app\\Views\\front\\includes\\header.php')
 3 SYSTEMPATH\View\View.php(216): CodeIgniter\View\View->CodeIgniter\View\{closure}()
 4 SYSTEMPATH\Common.php(1184): CodeIgniter\View\View->render('front/includes/header.php', [], true)
 5 APPPATH\Views\front\index.php(12): view('front/includes/header.php')
 6 SYSTEMPATH\View\View.php(213): include('C:\\xampp\\htdocs\\ace\\app\\Views\\front\\index.php')
 7 SYSTEMPATH\View\View.php(216): CodeIgniter\View\View->CodeIgniter\View\{closure}()
 8 SYSTEMPATH\Common.php(1184): CodeIgniter\View\View->render('front/index', [], true)
 9 APPPATH\Controllers\Front\HomeController.php(42): view('front/index', [...])
10 SYSTEMPATH\CodeIgniter.php(934): App\Controllers\Front\HomeController->index()
11 SYSTEMPATH\CodeIgniter.php(499): CodeIgniter\CodeIgniter->runController(Object(App\Controllers\Front\HomeController))
12 SYSTEMPATH\CodeIgniter.php(368): CodeIgniter\CodeIgniter->handleRequest(null, Object(Config\Cache), false)
13 FCPATH\index.php(67): CodeIgniter\CodeIgniter->run()
CRITICAL - 2024-02-28 11:46:58 --> Undefined variable $data
in APPPATH\Views\front\includes\header.php on line 12.
 1 APPPATH\Views\front\includes\header.php(12): CodeIgniter\Debug\Exceptions->errorHandler(2, 'Undefined variable $data', 'C:\\xampp\\htdocs\\ace\\app\\Views\\front\\includes\\header.php', 12)
 2 SYSTEMPATH\View\View.php(213): include('C:\\xampp\\htdocs\\ace\\app\\Views\\front\\includes\\header.php')
 3 SYSTEMPATH\View\View.php(216): CodeIgniter\View\View->CodeIgniter\View\{closure}()
 4 SYSTEMPATH\Common.php(1184): CodeIgniter\View\View->render('front/includes/header.php', [], true)
 5 APPPATH\Views\front\index.php(12): view('front/includes/header.php')
 6 SYSTEMPATH\View\View.php(213): include('C:\\xampp\\htdocs\\ace\\app\\Views\\front\\index.php')
 7 SYSTEMPATH\View\View.php(216): CodeIgniter\View\View->CodeIgniter\View\{closure}()
 8 SYSTEMPATH\Common.php(1184): CodeIgniter\View\View->render('front/index', [], true)
 9 APPPATH\Controllers\Front\HomeController.php(42): view('front/index', [...])
10 SYSTEMPATH\CodeIgniter.php(934): App\Controllers\Front\HomeController->index()
11 SYSTEMPATH\CodeIgniter.php(499): CodeIgniter\CodeIgniter->runController(Object(App\Controllers\Front\HomeController))
12 SYSTEMPATH\CodeIgniter.php(368): CodeIgniter\CodeIgniter->handleRequest(null, Object(Config\Cache), false)
13 FCPATH\index.php(67): CodeIgniter\CodeIgniter->run()
CRITICAL - 2024-02-28 11:47:17 --> Undefined variable $data
in APPPATH\Views\front\includes\header.php on line 12.
 1 APPPATH\Views\front\includes\header.php(12): CodeIgniter\Debug\Exceptions->errorHandler(2, 'Undefined variable $data', 'C:\\xampp\\htdocs\\ace\\app\\Views\\front\\includes\\header.php', 12)
 2 SYSTEMPATH\View\View.php(213): include('C:\\xampp\\htdocs\\ace\\app\\Views\\front\\includes\\header.php')
 3 SYSTEMPATH\View\View.php(216): CodeIgniter\View\View->CodeIgniter\View\{closure}()
 4 SYSTEMPATH\Common.php(1184): CodeIgniter\View\View->render('front/includes/header.php', [], true)
 5 APPPATH\Views\front\index.php(12): view('front/includes/header.php')
 6 SYSTEMPATH\View\View.php(213): include('C:\\xampp\\htdocs\\ace\\app\\Views\\front\\index.php')
 7 SYSTEMPATH\View\View.php(216): CodeIgniter\View\View->CodeIgniter\View\{closure}()
 8 SYSTEMPATH\Common.php(1184): CodeIgniter\View\View->render('front/index', [], true)
 9 APPPATH\Controllers\Front\HomeController.php(42): view('front/index', [...])
10 SYSTEMPATH\CodeIgniter.php(934): App\Controllers\Front\HomeController->index()
11 SYSTEMPATH\CodeIgniter.php(499): CodeIgniter\CodeIgniter->runController(Object(App\Controllers\Front\HomeController))
12 SYSTEMPATH\CodeIgniter.php(368): CodeIgniter\CodeIgniter->handleRequest(null, Object(Config\Cache), false)
13 FCPATH\index.php(67): CodeIgniter\CodeIgniter->run()
